<?xml version="1.0" encoding="UTF-8"?>
<!-- Generated by org.testng.reporters.JUnitReportReporter -->
<testsuite name="com.googlerestApi.com.googleAPITesting.HttpMethods" tests="2" time="2.315" ignored="1" failures="0" timestamp="09 Jun 2017 05:41:17 GMT" skipped="0" hostname="DESKTOP-7LV2BFO" errors="0">
  <testcase name="ownAPI" time="0.494" classname="com.googlerestApi.com.googleAPITesting.HttpMethods"/>
  <testcase name="method1" time="1.821" classname="com.googlerestApi.com.googleAPITesting.HttpMethods"/>
  <testcase name="method2" classname="com.googlerestApi.com.googleAPITesting.HttpMethods">
    <skipped/>
  </testcase> <!-- method2 -->
</testsuite> <!-- com.googlerestApi.com.googleAPITesting.HttpMethods -->
