<?xml version="1.0" encoding="UTF-8"?>
<!-- Generated by org.testng.reporters.JUnitReportReporter -->
<testsuite name="com.googlerestApi.com.googleAPITesting.APIHeader" tests="1" time="5.643" ignored="0" failures="0" timestamp="10 Jun 2017 08:55:46 GMT" skipped="0" hostname="DESKTOP-7LV2BFO" errors="0">
  <testcase name="ownAPI" time="5.643" classname="com.googlerestApi.com.googleAPITesting.APIHeader"/>
</testsuite> <!-- com.googlerestApi.com.googleAPITesting.APIHeader -->
