<?xml version="1.0" encoding="UTF-8"?>
<!-- Generated by org.testng.reporters.JUnitReportReporter -->
<testsuite name="com.googlerestApi.com.googleAPITesting.PostTest" tests="1" time="22.391" ignored="0" failures="0" timestamp="08 Jun 2017 10:23:52 GMT" skipped="0" hostname="DESKTOP-7LV2BFO" errors="0">
  <testcase name="httpPost" time="22.391" classname="com.googlerestApi.com.googleAPITesting.PostTest"/>
</testsuite> <!-- com.googlerestApi.com.googleAPITesting.PostTest -->
