<?xml version="1.0" encoding="UTF-8"?>
<!-- Generated by org.testng.reporters.JUnitReportReporter -->
<testsuite name="com.googlerestApi.com.googleAPITesting.GetRestTest" tests="1" time="2.241" ignored="0" failures="0" timestamp="08 Jun 2017 10:44:18 GMT" skipped="0" hostname="DESKTOP-7LV2BFO" errors="0">
  <testcase name="getRequestFindCapital" time="2.241" classname="com.googlerestApi.com.googleAPITesting.GetRestTest"/>
</testsuite> <!-- com.googlerestApi.com.googleAPITesting.GetRestTest -->
