<?xml version="1.0" encoding="UTF-8"?>
<!-- Generated by org.testng.reporters.JUnitReportReporter -->
<testsuite name="com.googlerestApi.com.googleAPITesting.GetStatusCodeTest" tests="1" time="2.123" ignored="0" failures="0" timestamp="08 Jun 2017 10:45:41 GMT" skipped="0" hostname="DESKTOP-7LV2BFO" errors="0">
  <testcase name="method1" time="2.123" classname="com.googlerestApi.com.googleAPITesting.GetStatusCodeTest"/>
</testsuite> <!-- com.googlerestApi.com.googleAPITesting.GetStatusCodeTest -->
