<?xml version="1.0" encoding="UTF-8"?>
<!-- Generated by org.testng.reporters.JUnitReportReporter -->
<testsuite name="com.googlerestApi.com.googleAPITesting.AutomationofAPI" tests="1" time="0.000" ignored="0" failures="0" timestamp="09 Jun 2017 11:40:22 GMT" skipped="1" hostname="DESKTOP-7LV2BFO" errors="0">
  <testcase name="method" time="0.000" classname="com.googlerestApi.com.googleAPITesting.AutomationofAPI">
    <skipped/>
  </testcase> <!-- method -->
</testsuite> <!-- com.googlerestApi.com.googleAPITesting.AutomationofAPI -->
