<?xml version="1.0" encoding="UTF-8"?>
<!-- Generated by org.testng.reporters.JUnitReportReporter -->
<testsuite name="com.googlerestApi.com.googleAPITesting.RestAssuredAPIGetAndPost" tests="1" time="3.843" ignored="0" failures="0" timestamp="10 Jun 2017 14:52:39 GMT" skipped="0" hostname="DESKTOP-7LV2BFO" errors="0">
  <testcase name="ownAPI" time="3.843" classname="com.googlerestApi.com.googleAPITesting.RestAssuredAPIGetAndPost"/>
</testsuite> <!-- com.googlerestApi.com.googleAPITesting.RestAssuredAPIGetAndPost -->
