<?xml version="1.0" encoding="UTF-8"?>
<!-- Generated by org.testng.reporters.JUnitReportReporter -->
<testsuite name="com.googlerestApi.com.googleAPITesting.RestTest" tests="1" time="3.846" ignored="0" failures="0" timestamp="08 Jun 2017 07:00:26 GMT" skipped="0" hostname="DESKTOP-7LV2BFO" errors="0">
  <testcase name="getRequestFindCapital" time="3.846" classname="com.googlerestApi.com.googleAPITesting.RestTest"/>
</testsuite> <!-- com.googlerestApi.com.googleAPITesting.RestTest -->
